<?xml version="1.0" encoding="UTF-8"?>
<!-- Generated by org.testng.reporters.JUnitReportReporter -->
<testsuite hostname="Kuresh" failures="0" tests="1" name="com.dream11.pro.TestCase.TeamCreation" time="18.729" errors="0" timestamp="1 Aug 2023 12:13:27 GMT">
  <testcase classname="com.dream11.pro.TestCase.TeamCreation" name="Dream11TestCase" time="18.729"/>
</testsuite> <!-- com.dream11.pro.TestCase.TeamCreation -->
